<?xml version="1.0" encoding="UTF-8"?>
<!--
  #%L
  U-QASAR
  %%
  Copyright (C) 2012 - 2015 U-QASAR Consortium
  %%
  Licensed under the Apache License, Version 2.0 (the "License");
  you may not use this file except in compliance with the License.
  You may obtain a copy of the License at
  
       http://www.apache.org/licenses/LICENSE-2.0
  
  Unless required by applicable law or agreed to in writing, software
  distributed under the License is distributed on an "AS IS" BASIS,
  WITHOUT WARRANTIES OR CONDITIONS OF ANY KIND, either express or implied.
  See the License for the specific language governing permissions and
  limitations under the License.
  #L%
  -->

<datasources xmlns="http://www.jboss.org/ironjacamar/schema">
    <datasource 
        jndi-name="java:jboss/datasources/uqasar-testDS" 
        enabled="true" 
        use-java-context="true" pool-name="uqasar-testPool">
        <connection-url>jdbc:h2:mem:uqasar-test;DB_CLOSE_DELAY=-1</connection-url>
        <driver>h2</driver>
        <pool></pool>
        <security>
            <user-name>sa</user-name>
            <password>sa</password>
        </security>
    </datasource>
</datasources>